Exception at PC 0x00007FFE2A22A799
Exception at PC 0x00007FFE2A22A799
Unable to capture context for thread 18820 in process 20456, can not generate back trace
Exception at PC 0x00007FFE2A22A799
Unable to capture context for thread 18820 in process 20456, can not generate back trace
Exception at PC 0x00007FFE2A22A799
Exception at PC 0x00007FFE2A22A799
Exception at PC 0x00007FFE2A22A799
Exception at PC 0x00007FFE2A22A799
Exception at PC 0x00007FFE2A22A799
Exception at PC 0x00007FFE2A22A799
Exception at PC 0x00007FFE2A22A799
Exception at PC 0x00007FFE2A22A799
Exception at PC 0x00007FFE2A22A799
Exception at PC 0x00007FFE2A22A799
Exception at PC 0x00007FFE2A22A799
Exception at PC 0x00007FFE2A22A799
Exception at PC 0x00007FFE2A22A799
Exception at PC 0x00007FFE2A22A799
Exception at PC 0x00007FFE2A22A799
Exception at PC 0x00007FFE2A22A799
Exception at PC 0x00007FFE2A22A799
Exception at PC 0x00007FFE2A22A799
Exception at PC 0x00007FFE2A22A799
Exception at PC 0x00007FFE2A22A799
Exception at PC 0x00007FFE2A22A799
Exception at PC 0x00007FFE2A22A799
Exception at PC 0x00007FFE2A22A799
Exception at PC 0x00007FFE2A22A799
Exception at PC 0x00007FFE2A22A799
Exception at PC 0x00007FFE2A22A799
Unable to capture context for thread 1444 in process 20456, can not generate back trace
Exception at PC 0x00007FFE2A22A799
Unable to capture context for thread 1444 in process 20456, can not generate back trace
Exception at PC 0x00007FFD9B03BB93
Printing stacktrace...

Exception at PC 0x00007FFE2A22A799
Exception at PC 0x00007FFE2A22A799
Exception at PC 0x00007FFE2A22A799
Exception at PC 0x00007FFE2A22A799
Exception at PC 0x00007FFE2A22A799
Exception at PC 0x00007FFE2A22A799
Exception at PC 0x00007FFE2A22A799
[0]  [0x00007FFD9B03BB93]
[1]  [0x00007FFD9B03BB93]
[2]  [0x00007FFD9B03B4A1]
[3]  [0x00007FFD9B03B3EF]
[4]  [0x00007FFD9B0219FE]
[5]  [0x00007FFD9B020ED1]
[6]  [0x00007FFD9B020D76]
[7]  [0x00007FFD9AFC79F6]
[8]  [0x00007FFD9AFB7AFB]
[9]  [0x00007FFD9B0DE90A]
[10]  [0x00007FFD9B0F9F87]
[11]  [0x00007FFD9B0FA05F]
[12] (BaseThreadInitThunk+0x14) [0x00007FFE2B257BD4]
[13] (RtlUserThreadStart+0x21) [0x00007FFE2C54CE51]
Done
Exception at PC 0x00007FFE2A22A799
Exception at PC 0x00007FFE2A22A799
Exception at PC 0x00007FFE2A22A799
Exception at PC 0x00007FFE2A22A799
Exception at PC 0x00007FFE2A22A799
Exception at PC 0x00007FFE2A22A799
Exception at PC 0x00007FFE2A22A799
Exception at PC 0x00007FFE2A22A799
